<?xml version="1.0" encoding="UTF-8"?>
<!-- Generated by org.testng.reporters.JUnitReportReporter -->
<testsuite hostname="POOJA" failures="0" tests="5" name="poojajadhav.selenium_framework_design.TestNG" time="0.019" errors="0" timestamp="2023-04-18T01:58:30 MDT" skipped="0">
  <testcase classname="poojajadhav.selenium_framework_design.TestNG" name="testThree" time="0.014"/>
  <system-out/>
  <testcase classname="poojajadhav.selenium_framework_design.TestNG" name="testTwo" time="0.001"/>
  <system-out/>
  <testcase classname="poojajadhav.selenium_framework_design.TestNG" name="testOne" time="0.002"/>
  <system-out/>
  <testcase classname="poojajadhav.selenium_framework_design.TestNG" name="testAive" time="0.002"/>
  <system-out/>
  <testcase classname="poojajadhav.selenium_framework_design.TestNG" name="testFour" time="0.000"/>
  <system-out/>
</testsuite> <!-- poojajadhav.selenium_framework_design.TestNG -->
